2024-06-22 23:49:56.679 [background-preinit] INFO  o.h.validator.internal.util.Version [Version.java : 21] - HV000001: Hibernate Validator 8.0.1.Final
2024-06-22 23:49:56.703 [restartedMain] INFO  apiwork.APIBackEndApplication [StartupInfoLogger.java : 51] - Starting APIBackEndApplication using Java 17.0.8 with PID 24272 (C:\Users\dell\IdeaProjects\API-back-end\target\classes started by dell in C:\Users\dell\IdeaProjects\API-back-end)
2024-06-22 23:49:56.703 [restartedMain] INFO  apiwork.APIBackEndApplication [SpringApplication.java : 634] - No active profile set, falling back to 1 default profile: "default"
2024-06-22 23:49:56.746 [restartedMain] INFO  o.s.b.d.e.DevToolsPropertyDefaultsPostProcessor [DeferredLog.java : 250] - Devtools property defaults active! Set 'spring.devtools.add-properties' to 'false' to disable
2024-06-22 23:49:56.746 [restartedMain] INFO  o.s.b.d.e.DevToolsPropertyDefaultsPostProcessor [DeferredLog.java : 250] - For additional web related logging consider setting the 'logging.level.web' property to 'DEBUG'
2024-06-22 23:49:57.216 [restartedMain] INFO  o.s.d.r.c.RepositoryConfigurationDelegate [RepositoryConfigurationDelegate.java : 291] - Multiple Spring Data modules found, entering strict repository configuration mode
2024-06-22 23:49:57.217 [restartedMain] INFO  o.s.d.r.c.RepositoryConfigurationDelegate [RepositoryConfigurationDelegate.java : 138] - Bootstrapping Spring Data Redis repositories in DEFAULT mode.
2024-06-22 23:49:57.237 [restartedMain] INFO  o.s.d.r.c.RepositoryConfigurationDelegate [RepositoryConfigurationDelegate.java : 208] - Finished Spring Data repository scanning in 12 ms. Found 0 Redis repository interfaces.
2024-06-22 23:49:57.785 [restartedMain] INFO  o.s.b.w.e.tomcat.TomcatWebServer [TomcatWebServer.java : 108] - Tomcat initialized with port(s): 8080 (http)
2024-06-22 23:49:57.791 [restartedMain] INFO  o.a.coyote.http11.Http11NioProtocol [DirectJDKLog.java : 173] - Initializing ProtocolHandler ["http-nio-8080"]
2024-06-22 23:49:57.792 [restartedMain] INFO  o.a.catalina.core.StandardService [DirectJDKLog.java : 173] - Starting service [Tomcat]
2024-06-22 23:49:57.792 [restartedMain] INFO  o.a.catalina.core.StandardEngine [DirectJDKLog.java : 173] - Starting Servlet engine: [Apache Tomcat/10.1.12]
2024-06-22 23:49:57.837 [restartedMain] INFO  o.a.c.c.C.[Tomcat].[localhost].[/] [DirectJDKLog.java : 173] - Initializing Spring embedded WebApplicationContext
2024-06-22 23:49:57.838 [restartedMain] INFO  o.s.b.w.s.c.ServletWebServerApplicationContext [ServletWebServerApplicationContext.java : 291] - Root WebApplicationContext: initialization completed in 1091 ms
2024-06-22 23:49:57.989 [restartedMain] WARN  c.b.m.core.metadata.TableInfoHelper [TableInfoHelper.java : 376] - Can not find table primary key in Class: "apiwork.pojo.History".
2024-06-22 23:49:57.992 [restartedMain] WARN  c.b.m.c.injector.DefaultSqlInjector [DefaultSqlInjector.java : 52] - class apiwork.pojo.History ,Not found @TableId annotation, Cannot use Mybatis-Plus 'xxById' Method.
2024-06-22 23:49:58.274 [restartedMain] WARN  c.b.m.core.metadata.TableInfoHelper [TableInfoHelper.java : 376] - Can not find table primary key in Class: "apiwork.pojo.Video".
2024-06-22 23:49:58.274 [restartedMain] WARN  c.b.m.c.injector.DefaultSqlInjector [DefaultSqlInjector.java : 52] - class apiwork.pojo.Video ,Not found @TableId annotation, Cannot use Mybatis-Plus 'xxById' Method.
2024-06-22 23:49:58.293 [restartedMain] WARN  c.b.m.core.metadata.TableInfoHelper [TableInfoHelper.java : 376] - Can not find table primary key in Class: "apiwork.pojo.Like".
2024-06-22 23:49:58.293 [restartedMain] WARN  c.b.m.c.injector.DefaultSqlInjector [DefaultSqlInjector.java : 52] - class apiwork.pojo.Like ,Not found @TableId annotation, Cannot use Mybatis-Plus 'xxById' Method.
2024-06-22 23:49:59.057 [restartedMain] INFO  o.s.b.d.a.OptionalLiveReloadServer [OptionalLiveReloadServer.java : 59] - LiveReload server is running on port 35729
2024-06-22 23:49:59.070 [restartedMain] INFO  o.a.coyote.http11.Http11NioProtocol [DirectJDKLog.java : 173] - Starting ProtocolHandler ["http-nio-8080"]
2024-06-22 23:49:59.096 [restartedMain] INFO  o.s.b.w.e.tomcat.TomcatWebServer [TomcatWebServer.java : 220] - Tomcat started on port(s): 8080 (http) with context path ''
2024-06-22 23:49:59.106 [restartedMain] INFO  apiwork.APIBackEndApplication [StartupInfoLogger.java : 57] - Started APIBackEndApplication in 2.625 seconds (process running for 3.117)
2024-06-22 23:50:02.945 [http-nio-8080-exec-6] INFO  o.a.c.c.C.[Tomcat].[localhost].[/] [DirectJDKLog.java : 173] - Initializing Spring DispatcherServlet 'dispatcherServlet'
2024-06-22 23:50:02.946 [http-nio-8080-exec-6] INFO  o.s.web.servlet.DispatcherServlet [FrameworkServlet.java : 532] - Initializing Servlet 'dispatcherServlet'
2024-06-22 23:50:02.947 [http-nio-8080-exec-6] INFO  o.s.web.servlet.DispatcherServlet [FrameworkServlet.java : 554] - Completed initialization in 1 ms
2024-06-22 23:50:07.872 [http-nio-8080-exec-4] INFO  apiwork.controller.VideoLogger [VideoLogger.java : 38] - Method login() called with arguments [zhengmeilun, 123456789]
2024-06-22 23:50:07.957 [http-nio-8080-exec-4] INFO  com.zaxxer.hikari.HikariDataSource [HikariDataSource.java : 110] - HikariPool-1 - Starting...
2024-06-22 23:50:08.189 [http-nio-8080-exec-4] INFO  com.zaxxer.hikari.pool.HikariPool [HikariPool.java : 565] - HikariPool-1 - Added connection com.mysql.cj.jdbc.ConnectionImpl@6018f9cf
2024-06-22 23:50:08.191 [http-nio-8080-exec-4] INFO  com.zaxxer.hikari.HikariDataSource [HikariDataSource.java : 123] - HikariPool-1 - Start completed.
2024-06-22 23:50:08.565 [http-nio-8080-exec-4] INFO  apiwork.controller.VideoLogger [VideoLogger.java : 47] - Method login() executed in 694 ms
2024-06-22 23:50:11.268 [http-nio-8080-exec-8] INFO  apiwork.controller.VideoLogger [VideoLogger.java : 38] - Method likeVideo() called with arguments [7374305862506089737]
2024-06-22 23:50:11.270 [http-nio-8080-exec-8] INFO  apiwork.controller.VideoController [VideoController.java : 118] - User 1803076218203586562 likes video with ID 7374305862506089737
2024-06-22 23:50:11.273 [http-nio-8080-exec-8] WARN  apiwork.controller.VideoController [VideoController.java : 120] - User 1803076218203586562 has already liked video with ID 7374305862506089737
2024-06-22 23:50:11.273 [http-nio-8080-exec-8] INFO  apiwork.controller.VideoLogger [VideoLogger.java : 47] - Method likeVideo() executed in 5 ms
2024-06-22 23:50:13.469 [http-nio-8080-exec-5] INFO  apiwork.controller.VideoLogger [VideoLogger.java : 38] - Method dislikeVideo() called with arguments [7374305862506089737]
2024-06-22 23:50:13.472 [http-nio-8080-exec-5] INFO  apiwork.controller.VideoController [VideoController.java : 136] - User 1803076218203586562 dislikes video with ID 7374305862506089737
2024-06-22 23:50:13.491 [http-nio-8080-exec-5] INFO  apiwork.controller.VideoController [VideoController.java : 140] - Video with ID 7374305862506089737 disliked successfully by user 1803076218203586562
2024-06-22 23:50:13.492 [http-nio-8080-exec-5] INFO  apiwork.controller.VideoLogger [VideoLogger.java : 47] - Method dislikeVideo() executed in 23 ms
2024-06-22 23:50:15.458 [http-nio-8080-exec-2] INFO  apiwork.controller.VideoLogger [VideoLogger.java : 38] - Method likeVideo() called with arguments [7374305862506089737]
2024-06-22 23:50:15.461 [http-nio-8080-exec-2] INFO  apiwork.controller.VideoController [VideoController.java : 118] - User 1803076218203586562 likes video with ID 7374305862506089737
2024-06-22 23:50:15.483 [http-nio-8080-exec-2] INFO  apiwork.controller.VideoController [VideoController.java : 125] - Video with ID 7374305862506089737 liked successfully by user 1803076218203586562
2024-06-22 23:50:15.483 [http-nio-8080-exec-2] INFO  apiwork.controller.VideoLogger [VideoLogger.java : 47] - Method likeVideo() executed in 25 ms
2024-06-22 23:59:13.822 [SpringApplicationShutdownHook] INFO  com.zaxxer.hikari.HikariDataSource [HikariDataSource.java : 350] - HikariPool-1 - Shutdown initiated...
2024-06-22 23:59:13.826 [SpringApplicationShutdownHook] INFO  com.zaxxer.hikari.HikariDataSource [HikariDataSource.java : 352] - HikariPool-1 - Shutdown completed.
